<?xml version="1.0" encoding="UTF-8"?>
<!-- Generated by org.testng.reporters.JUnitXMLReporter -->
<testsuite ignored="2" hostname="DESKTOP-UUJJJN0" failures="0" tests="2" name="Test" time="0.144" errors="0" timestamp="2024-12-08T23:23:09 EST">
  <testcase classname="lab5.Lab7" name="showmessage1" time="0.01"/>
  <testcase classname="lab5.Lab7" name="showmessage2" time="0.002"/>
  <testcase classname="lab5.Lab7" name="showmessage3" time="0.0">
    <ignored/>
  </testcase> <!-- showmessage3 -->
  <testcase classname="lab5.Lab7" name="showmessage" time="0.0">
    <ignored/>
  </testcase> <!-- showmessage -->
</testsuite> <!-- Test -->
