<?xml version="1.0" encoding="UTF-8"?>
<!-- Generated by org.testng.reporters.JUnitXMLReporter -->
<testsuite ignored="4" hostname="DESKTOP-UUJJJN0" failures="0" tests="2" name="Test" time="0.114" errors="0" timestamp="2024-12-09T13:49:15 EST">
  <testcase classname="lab5.Lab7" name="showmessage1" time="0.009"/>
  <testcase classname="lab5.Lab7" name="showmessage2" time="0.003"/>
  <testcase classname="lab5.Lab7" name="showmessage4" time="0.0">
    <ignored/>
  </testcase> <!-- showmessage4 -->
  <testcase classname="lab5.Lab7" name="showmessage3" time="0.0">
    <ignored/>
  </testcase> <!-- showmessage3 -->
  <testcase classname="lab5.Lab7" name="showmessage5" time="0.0">
    <ignored/>
  </testcase> <!-- showmessage5 -->
  <testcase classname="lab5.Lab7" name="showmessage" time="0.0">
    <ignored/>
  </testcase> <!-- showmessage -->
</testsuite> <!-- Test -->
