<?xml version="1.0" encoding="UTF-8"?>
<testng-results ignored="0" total="2" passed="2" failed="0" skipped="0">
  <reporter-output>
  </reporter-output>
  <suite started-at="2024-12-09T01:05:24 EST" name="Default suite" finished-at="2024-12-09T01:05:44 EST" duration-ms="19471">
    <groups>
    </groups>
    <test started-at="2024-12-09T01:05:24 EST" name="Default test" finished-at="2024-12-09T01:05:44 EST" duration-ms="19471">
      <class name="lab.lab9TestNgAssig">
        <test-method is-config="true" signature="beforeTestsetup()[pri:0, instance:lab.lab9TestNgAssig@402c4085]" started-at="2024-12-09T01:05:24 EST" name="beforeTestsetup" finished-at="2024-12-09T01:05:24 EST" duration-ms="31" status="PASS">
          <reporter-output>
          </reporter-output>
        </test-method> <!-- beforeTestsetup -->
        <test-method is-config="true" signature="beforeTestCode()[pri:0, instance:lab.lab9TestNgAssig@402c4085]" started-at="2024-12-09T01:05:24 EST" name="beforeTestCode" finished-at="2024-12-09T01:05:34 EST" duration-ms="9851" status="PASS">
          <reporter-output>
          </reporter-output>
        </test-method> <!-- beforeTestCode -->
        <test-method signature="handleC0nfirm()[pri:0, instance:lab.lab9TestNgAssig@402c4085]" started-at="2024-12-09T01:05:34 EST" name="handleC0nfirm" finished-at="2024-12-09T01:05:34 EST" duration-ms="26" status="PASS">
          <reporter-output>
          </reporter-output>
        </test-method> <!-- handleC0nfirm -->
        <test-method is-config="true" signature="teardown()[pri:0, instance:lab.lab9TestNgAssig@402c4085]" started-at="2024-12-09T01:05:34 EST" name="teardown" finished-at="2024-12-09T01:05:35 EST" duration-ms="297" status="PASS">
          <reporter-output>
          </reporter-output>
        </test-method> <!-- teardown -->
        <test-method is-config="true" signature="beforeTestCode()[pri:0, instance:lab.lab9TestNgAssig@402c4085]" started-at="2024-12-09T01:05:35 EST" name="beforeTestCode" finished-at="2024-12-09T01:05:43 EST" duration-ms="8813" status="PASS">
          <reporter-output>
          </reporter-output>
        </test-method> <!-- beforeTestCode -->
        <test-method signature="handleConfirm()[pri:0, instance:lab.lab9TestNgAssig@402c4085]" started-at="2024-12-09T01:05:43 EST" name="handleConfirm" finished-at="2024-12-09T01:05:43 EST" duration-ms="18" status="PASS">
          <reporter-output>
          </reporter-output>
        </test-method> <!-- handleConfirm -->
        <test-method is-config="true" signature="teardown()[pri:0, instance:lab.lab9TestNgAssig@402c4085]" started-at="2024-12-09T01:05:43 EST" name="teardown" finished-at="2024-12-09T01:05:44 EST" duration-ms="321" status="PASS">
          <reporter-output>
          </reporter-output>
        </test-method> <!-- teardown -->
        <test-method is-config="true" signature="afterTestteardown()[pri:0, instance:lab.lab9TestNgAssig@402c4085]" started-at="2024-12-09T01:05:44 EST" name="afterTestteardown" finished-at="2024-12-09T01:05:44 EST" duration-ms="1" status="PASS">
          <reporter-output>
          </reporter-output>
        </test-method> <!-- afterTestteardown -->
      </class> <!-- lab.lab9TestNgAssig -->
    </test> <!-- Default test -->
  </suite> <!-- Default suite -->
</testng-results>
